<?xml version="1.0" encoding="UTF-8"?>
<!-- Generated by org.testng.reporters.JUnitReportReporter -->
<testsuite hostname="LAPTOP-U7REJBUE" failures="0" tests="6" name="com.EcomAmazon.TestCases.TC_HomePageTest_001" time="16.353" errors="0" timestamp="2022-01-13T16:55:07 IST" skipped="1">
  <testcase classname="com.EcomAmazon.TestCases.TC_HomePageTest_001" name="clickMen" time="4.289"/>
  <system-out/>
  <testcase classname="com.EcomAmazon.TestCases.TC_HomePageTest_001" name="clickKids" time="2.447"/>
  <system-out/>
  <testcase classname="com.EcomAmazon.TestCases.TC_HomePageTest_001" name="clickWomen" time="1.980"/>
  <system-out/>
  <testcase classname="com.EcomAmazon.TestCases.TC_HomePageTest_001" name="logoTest" time="0.113"/>
  <system-out/>
  <testcase classname="com.EcomAmazon.TestCases.TC_HomePageTest_001" name="logoClick" time="7.524"/>
  <system-out/>
  <testcase classname="com.EcomAmazon.TestCases.TC_HomePageTest_001" name="checkTitle">
    <skipped/>
  </testcase> <!-- checkTitle -->
  <system-out/>
</testsuite> <!-- com.EcomAmazon.TestCases.TC_HomePageTest_001 -->
